{
  "RSpec": {
    "coverage": {
      "/Users/markjaysoncamba/Sites/packet_graphql/app/controllers/graphql_controller.rb": [
        1,
        1,
        10,
        9,
        9,
        9,
        null,
        null,
        9,
        9,
        null,
        null,
        1,
        null,
        1,
        9,
        null,
        9,
        null,
        null,
        null,
        1,
        12,
        null,
        3,
        2,
        null,
        1,
        null,
        null,
        3,
        null,
        5,
        null,
        1,
        null,
        null,
        null
      ],
      "/Users/markjaysoncamba/Sites/packet_graphql/app/controllers/application_controller.rb": [
        1,
        1,
        null,
        1,
        0,
        null,
        null
      ],
      "/Users/markjaysoncamba/Sites/packet_graphql/app/graphql/packet_graphql_schema.rb": [
        null,
        null,
        1,
        1,
        1,
        null
      ],
      "/Users/markjaysoncamba/Sites/packet_graphql/app/graphql/types/mutation_type.rb": [
        null,
        null,
        1,
        1,
        null,
        1,
        1,
        null
      ],
      "/Users/markjaysoncamba/Sites/packet_graphql/app/graphql/types/query_type.rb": [
        null,
        null,
        1,
        1,
        null,
        1,
        1,
        1,
        1,
        null,
        null,
        null,
        1,
        1,
        1,
        1,
        1,
        null,
        null,
        null,
        1,
        1,
        1,
        1,
        1,
        null,
        null,
        null,
        1,
        1,
        1,
        1,
        1,
        null,
        null,
        null,
        1,
        1,
        1,
        1,
        1,
        null,
        null,
        null
      ],
      "/Users/markjaysoncamba/Sites/packet_graphql/app/graphql/types/operating_system.rb": [
        null,
        null,
        1,
        1,
        1,
        null,
        1,
        1,
        1,
        1,
        1,
        1,
        null
      ],
      "/Users/markjaysoncamba/Sites/packet_graphql/app/graphql/types/plan.rb": [
        null,
        null,
        1,
        1,
        1,
        null,
        1,
        1,
        1,
        1,
        1,
        1,
        1,
        null
      ],
      "/Users/markjaysoncamba/Sites/packet_graphql/app/graphql/types/facility.rb": [
        null,
        null,
        1,
        1,
        1,
        null,
        1,
        1,
        1,
        1,
        null
      ],
      "/Users/markjaysoncamba/Sites/packet_graphql/app/graphql/types/device.rb": [
        null,
        null,
        1,
        1,
        1,
        null,
        1,
        1,
        1,
        1,
        1,
        1,
        1,
        1,
        1,
        1,
        1,
        1,
        null
      ],
      "/Users/markjaysoncamba/Sites/packet_graphql/app/graphql/types/object_type.rb": [
        null,
        null,
        1,
        1,
        1,
        null,
        1,
        6,
        null,
        null
      ],
      "/Users/markjaysoncamba/Sites/packet_graphql/app/graphql/types/date_time.rb": [
        null,
        null,
        null,
        1,
        1,
        1,
        1,
        null,
        null,
        null,
        null,
        null,
        1,
        0,
        null,
        1,
        null,
        null
      ],
      "/Users/markjaysoncamba/Sites/packet_graphql/app/graphql/types/project.rb": [
        null,
        null,
        1,
        1,
        1,
        null,
        1,
        1,
        1,
        1,
        null
      ],
      "/Users/markjaysoncamba/Sites/packet_graphql/app/graphql/mutations/device.rb": [
        null,
        null,
        1,
        1,
        1,
        1,
        1,
        1,
        1,
        1,
        1,
        1,
        1,
        1,
        null,
        null,
        null,
        null,
        null,
        null,
        1,
        1,
        null,
        null,
        null,
        1,
        1,
        1,
        1,
        1,
        1,
        0,
        0,
        null,
        null,
        null,
        null
      ],
      "/Users/markjaysoncamba/Sites/packet_graphql/app/graphql/types/success_response.rb": [
        null,
        null,
        1,
        1,
        1,
        1,
        1,
        null,
        null
      ],
      "/Users/markjaysoncamba/Sites/packet_graphql/app/graphql/resolvers/plan.rb": [
        null,
        null,
        1,
        1,
        1,
        null,
        null
      ],
      "/Users/markjaysoncamba/Sites/packet_graphql/app/graphql/resolvers/operating_system.rb": [
        null,
        null,
        1,
        1,
        1,
        null,
        null
      ],
      "/Users/markjaysoncamba/Sites/packet_graphql/app/graphql/resolvers/facility.rb": [
        null,
        null,
        1,
        1,
        1,
        null,
        null
      ],
      "/Users/markjaysoncamba/Sites/packet_graphql/app/graphql/types/date.rb": [
        null,
        null,
        0,
        0,
        0,
        0,
        null,
        0,
        0,
        0,
        0,
        0,
        0
      ]
    },
    "timestamp": 1547648187
  }
}
